<?xml version="1.0" encoding="UTF-8"?>
<testsuite xmlns:xsi="http://www.w3.org/2001/XMLSchema-instance" xsi:noNamespaceSchemaLocation="https://maven.apache.org/surefire/maven-surefire-plugin/xsd/surefire-test-report-3.0.xsd" version="3.0" name="TestSuite" time="0.481" tests="4" errors="0" skipped="0" failures="0">
  <properties>
    <property name="sun.desktop" value="gnome"/>
    <property name="awt.toolkit" value="sun.awt.X11.XToolkit"/>
    <property name="java.specification.version" value="11"/>
    <property name="sun.cpu.isalist" value=""/>
    <property name="sun.jnu.encoding" value="UTF-8"/>
    <property name="java.class.path" value="/home/hasnat/Desktop/jenkins-Test/LambdaFunctionTest/target/test-classes:/home/hasnat/Desktop/jenkins-Test/LambdaFunctionTest/target/classes:/home/hasnat/.m2/repository/org/testng/testng/7.4.0/testng-7.4.0.jar:/home/hasnat/.m2/repository/com/beust/jcommander/1.78/jcommander-1.78.jar:/home/hasnat/.m2/repository/org/webjars/jquery/3.5.1/jquery-3.5.1.jar:/home/hasnat/.m2/repository/com/google/code/gson/gson/2.8.9/gson-2.8.9.jar:/home/hasnat/.m2/repository/org/apache/commons/commons-csv/1.9.0/commons-csv-1.9.0.jar:"/>
    <property name="java.vm.vendor" value="Ubuntu"/>
    <property name="sun.arch.data.model" value="64"/>
    <property name="java.vendor.url" value="https://ubuntu.com/"/>
    <property name="user.timezone" value="Asia/Dhaka"/>
    <property name="java.vm.specification.version" value="11"/>
    <property name="os.name" value="Linux"/>
    <property name="sun.java.launcher" value="SUN_STANDARD"/>
    <property name="user.country" value="US"/>
    <property name="sun.boot.library.path" value="/usr/lib/jvm/java-11-openjdk-amd64/lib"/>
    <property name="sun.java.command" value="/home/hasnat/Desktop/jenkins-Test/LambdaFunctionTest/target/surefire/surefirebooter5499138420856998519.jar /home/hasnat/Desktop/jenkins-Test/LambdaFunctionTest/target/surefire 2021-12-22T13-37-45_797-jvmRun1 surefire9718647494671325175tmp surefire_09143106081417961726tmp"/>
    <property name="jdk.debug" value="release"/>
    <property name="surefire.test.class.path" value="/home/hasnat/Desktop/jenkins-Test/LambdaFunctionTest/target/test-classes:/home/hasnat/Desktop/jenkins-Test/LambdaFunctionTest/target/classes:/home/hasnat/.m2/repository/org/testng/testng/7.4.0/testng-7.4.0.jar:/home/hasnat/.m2/repository/com/beust/jcommander/1.78/jcommander-1.78.jar:/home/hasnat/.m2/repository/org/webjars/jquery/3.5.1/jquery-3.5.1.jar:/home/hasnat/.m2/repository/com/google/code/gson/gson/2.8.9/gson-2.8.9.jar:/home/hasnat/.m2/repository/org/apache/commons/commons-csv/1.9.0/commons-csv-1.9.0.jar:"/>
    <property name="sun.cpu.endian" value="little"/>
    <property name="user.home" value="/home/hasnat"/>
    <property name="user.language" value="en"/>
    <property name="java.specification.vendor" value="Oracle Corporation"/>
    <property name="java.version.date" value="2021-10-19"/>
    <property name="java.home" value="/usr/lib/jvm/java-11-openjdk-amd64"/>
    <property name="file.separator" value="/"/>
    <property name="basedir" value="/home/hasnat/Desktop/jenkins-Test/LambdaFunctionTest"/>
    <property name="java.vm.compressedOopsMode" value="Zero based"/>
    <property name="line.separator" value="&#10;"/>
    <property name="java.specification.name" value="Java Platform API Specification"/>
    <property name="java.vm.specification.vendor" value="Oracle Corporation"/>
    <property name="java.awt.graphicsenv" value="sun.awt.X11GraphicsEnvironment"/>
    <property name="surefire.real.class.path" value="/home/hasnat/Desktop/jenkins-Test/LambdaFunctionTest/target/surefire/surefirebooter5499138420856998519.jar"/>
    <property name="sun.management.compiler" value="HotSpot 64-Bit Tiered Compilers"/>
    <property name="java.runtime.version" value="11.0.13+8-Ubuntu-0ubuntu1.18.04"/>
    <property name="user.name" value="hasnat"/>
    <property name="path.separator" value=":"/>
    <property name="os.version" value="5.4.0-91-generic"/>
    <property name="java.runtime.name" value="OpenJDK Runtime Environment"/>
    <property name="file.encoding" value="UTF-8"/>
    <property name="java.vm.name" value="OpenJDK 64-Bit Server VM"/>
    <property name="localRepository" value="/home/hasnat/.m2/repository"/>
    <property name="java.vendor.url.bug" value="https://bugs.launchpad.net/ubuntu/+source/openjdk-lts"/>
    <property name="java.io.tmpdir" value="/tmp"/>
    <property name="java.version" value="11.0.13"/>
    <property name="user.dir" value="/home/hasnat/Desktop/jenkins-Test/LambdaFunctionTest"/>
    <property name="os.arch" value="amd64"/>
    <property name="java.vm.specification.name" value="Java Virtual Machine Specification"/>
    <property name="java.awt.printerjob" value="sun.print.PSPrinterJob"/>
    <property name="sun.os.patch.level" value="unknown"/>
    <property name="java.library.path" value="/usr/java/packages/lib:/usr/lib/x86_64-linux-gnu/jni:/lib/x86_64-linux-gnu:/usr/lib/x86_64-linux-gnu:/usr/lib/jni:/lib:/usr/lib"/>
    <property name="java.vm.info" value="mixed mode, sharing"/>
    <property name="java.vendor" value="Ubuntu"/>
    <property name="java.vm.version" value="11.0.13+8-Ubuntu-0ubuntu1.18.04"/>
    <property name="sun.io.unicode.encoding" value="UnicodeLittle"/>
    <property name="java.class.version" value="55.0"/>
  </properties>
  <testcase name="fourthTest" classname="test.SecondTestSuite" time="0.005">
    <system-out><![CDATA[fourthTest
]]></system-out>
  </testcase>
  <testcase name="thirdTest" classname="test.SecondTestSuite" time="0.001">
    <system-out><![CDATA[thirdTest
]]></system-out>
  </testcase>
  <testcase name="firstTest" classname="test.FirstTestSuite" time="0">
    <system-out><![CDATA[firstTest
]]></system-out>
  </testcase>
  <testcase name="secondTest" classname="test.FirstTestSuite" time="0">
    <system-out><![CDATA[secondTest
]]></system-out>
  </testcase>
</testsuite>