<?xml version="1.0" encoding="UTF-8"?>
<!-- Generated by org.testng.reporters.JUnitReportReporter -->
<testsuite hostname="hasnat" failures="0" tests="2" name="test.SecondTestSuite" time="0.004" errors="0" timestamp="2021-12-22T13:37:46 BDT" skipped="0">
  <testcase classname="test.SecondTestSuite" name="fourthTest" time="0.004"/>
  <system-out/>
  <testcase classname="test.SecondTestSuite" name="thirdTest" time="0.000"/>
  <system-out/>
</testsuite> <!-- test.SecondTestSuite -->
