<?xml version="1.0" encoding="UTF-8"?>
<!-- Generated by org.testng.reporters.JUnitReportReporter -->
<testsuite hostname="hasnat" failures="0" tests="2" name="test.FirstTestSuite" time="0.001" errors="0" timestamp="2021-12-22T13:37:46 BDT" skipped="0">
  <testcase classname="test.FirstTestSuite" name="secondTest" time="0.001"/>
  <system-out/>
  <testcase classname="test.FirstTestSuite" name="firstTest" time="0.000"/>
  <system-out/>
</testsuite> <!-- test.FirstTestSuite -->
